mode: set
github.com/danilotadeu/pismo/api/api.go:16.47,21.12 4 0
github.com/danilotadeu/pismo/api/api.go:28.2,33.19 4 0
github.com/danilotadeu/pismo/api/api.go:21.12,25.3 3 0
github.com/danilotadeu/pismo/api/account/account.go:23.50,31.2 4 0
github.com/danilotadeu/pismo/api/account/account.go:33.53,35.50 2 0
github.com/danilotadeu/pismo/api/account/account.go:42.2,43.53 2 0
github.com/danilotadeu/pismo/api/account/account.go:49.2,52.16 3 0
github.com/danilotadeu/pismo/api/account/account.go:64.2,66.4 1 0
github.com/danilotadeu/pismo/api/account/account.go:35.50,40.3 2 0
github.com/danilotadeu/pismo/api/account/account.go:43.53,47.3 1 0
github.com/danilotadeu/pismo/api/account/account.go:52.16,54.54 2 0
github.com/danilotadeu/pismo/api/account/account.go:59.3,61.5 1 0
github.com/danilotadeu/pismo/api/account/account.go:54.54,58.4 1 0
github.com/danilotadeu/pismo/api/account/account.go:69.47,71.25 2 0
github.com/danilotadeu/pismo/api/account/account.go:79.2,80.16 2 0
github.com/danilotadeu/pismo/api/account/account.go:87.2,89.16 3 0
github.com/danilotadeu/pismo/api/account/account.go:101.2,101.46 1 0
github.com/danilotadeu/pismo/api/account/account.go:71.25,77.3 1 0
github.com/danilotadeu/pismo/api/account/account.go:80.16,85.3 2 0
github.com/danilotadeu/pismo/api/account/account.go:89.16,91.56 2 0
github.com/danilotadeu/pismo/api/account/account.go:96.3,98.5 1 0
github.com/danilotadeu/pismo/api/account/account.go:91.56,95.4 1 0
github.com/danilotadeu/pismo/api/account/account.go:104.51,107.16 3 0
github.com/danilotadeu/pismo/api/account/account.go:121.2,121.47 1 0
github.com/danilotadeu/pismo/api/account/account.go:107.16,110.59 2 0
github.com/danilotadeu/pismo/api/account/account.go:116.3,118.5 1 0
github.com/danilotadeu/pismo/api/account/account.go:110.59,114.4 1 0
github.com/danilotadeu/pismo/api/transaction/transaction.go:25.50,32.2 3 0
github.com/danilotadeu/pismo/api/transaction/transaction.go:34.57,36.54 2 0
github.com/danilotadeu/pismo/api/transaction/transaction.go:43.2,44.57 2 0
github.com/danilotadeu/pismo/api/transaction/transaction.go:50.2,53.16 3 0
github.com/danilotadeu/pismo/api/transaction/transaction.go:70.2,72.4 1 0
github.com/danilotadeu/pismo/api/transaction/transaction.go:36.54,41.3 2 0
github.com/danilotadeu/pismo/api/transaction/transaction.go:44.57,48.3 1 0
github.com/danilotadeu/pismo/api/transaction/transaction.go:53.16,55.56 2 0
github.com/danilotadeu/pismo/api/transaction/transaction.go:60.3,60.68 1 0
github.com/danilotadeu/pismo/api/transaction/transaction.go:65.3,67.5 1 0
github.com/danilotadeu/pismo/api/transaction/transaction.go:55.56,59.4 1 0
github.com/danilotadeu/pismo/api/transaction/transaction.go:60.68,64.4 1 0
github.com/danilotadeu/pismo/api/account/account.go:23.50,31.2 4 0
github.com/danilotadeu/pismo/api/account/account.go:33.53,35.50 2 0
github.com/danilotadeu/pismo/api/account/account.go:42.2,43.53 2 0
github.com/danilotadeu/pismo/api/account/account.go:49.2,52.16 3 0
github.com/danilotadeu/pismo/api/account/account.go:64.2,66.4 1 0
github.com/danilotadeu/pismo/api/account/account.go:35.50,40.3 2 0
github.com/danilotadeu/pismo/api/account/account.go:43.53,47.3 1 0
github.com/danilotadeu/pismo/api/account/account.go:52.16,54.54 2 0
github.com/danilotadeu/pismo/api/account/account.go:59.3,61.5 1 0
github.com/danilotadeu/pismo/api/account/account.go:54.54,58.4 1 0
github.com/danilotadeu/pismo/api/account/account.go:69.47,71.25 2 0
github.com/danilotadeu/pismo/api/account/account.go:79.2,80.16 2 0
github.com/danilotadeu/pismo/api/account/account.go:87.2,89.16 3 0
github.com/danilotadeu/pismo/api/account/account.go:101.2,101.46 1 0
github.com/danilotadeu/pismo/api/account/account.go:71.25,77.3 1 0
github.com/danilotadeu/pismo/api/account/account.go:80.16,85.3 2 0
github.com/danilotadeu/pismo/api/account/account.go:89.16,91.56 2 0
github.com/danilotadeu/pismo/api/account/account.go:96.3,98.5 1 0
github.com/danilotadeu/pismo/api/account/account.go:91.56,95.4 1 0
github.com/danilotadeu/pismo/api/account/account.go:104.51,107.16 3 0
github.com/danilotadeu/pismo/api/account/account.go:121.2,121.47 1 0
github.com/danilotadeu/pismo/api/account/account.go:107.16,110.59 2 0
github.com/danilotadeu/pismo/api/account/account.go:116.3,118.5 1 0
github.com/danilotadeu/pismo/api/account/account.go:110.59,114.4 1 0
github.com/danilotadeu/pismo/api/api.go:16.47,21.12 4 0
github.com/danilotadeu/pismo/api/api.go:28.2,33.19 4 0
github.com/danilotadeu/pismo/api/api.go:21.12,25.3 3 0
github.com/danilotadeu/pismo/api/transaction/transaction.go:25.50,32.2 3 0
github.com/danilotadeu/pismo/api/transaction/transaction.go:34.57,36.54 2 1
github.com/danilotadeu/pismo/api/transaction/transaction.go:43.2,44.57 2 1
github.com/danilotadeu/pismo/api/transaction/transaction.go:50.2,53.16 3 1
github.com/danilotadeu/pismo/api/transaction/transaction.go:70.2,72.4 1 1
github.com/danilotadeu/pismo/api/transaction/transaction.go:36.54,41.3 2 0
github.com/danilotadeu/pismo/api/transaction/transaction.go:44.57,48.3 1 1
github.com/danilotadeu/pismo/api/transaction/transaction.go:53.16,55.56 2 1
github.com/danilotadeu/pismo/api/transaction/transaction.go:60.3,60.68 1 1
github.com/danilotadeu/pismo/api/transaction/transaction.go:65.3,67.5 1 1
github.com/danilotadeu/pismo/api/transaction/transaction.go:55.56,59.4 1 1
github.com/danilotadeu/pismo/api/transaction/transaction.go:60.68,64.4 1 1
github.com/danilotadeu/pismo/api/account/account.go:23.50,31.2 4 0
github.com/danilotadeu/pismo/api/account/account.go:33.53,35.50 2 0
github.com/danilotadeu/pismo/api/account/account.go:42.2,43.53 2 0
github.com/danilotadeu/pismo/api/account/account.go:49.2,52.16 3 0
github.com/danilotadeu/pismo/api/account/account.go:64.2,66.4 1 0
github.com/danilotadeu/pismo/api/account/account.go:35.50,40.3 2 0
github.com/danilotadeu/pismo/api/account/account.go:43.53,47.3 1 0
github.com/danilotadeu/pismo/api/account/account.go:52.16,54.54 2 0
github.com/danilotadeu/pismo/api/account/account.go:59.3,61.5 1 0
github.com/danilotadeu/pismo/api/account/account.go:54.54,58.4 1 0
github.com/danilotadeu/pismo/api/account/account.go:69.47,71.25 2 0
github.com/danilotadeu/pismo/api/account/account.go:79.2,80.16 2 0
github.com/danilotadeu/pismo/api/account/account.go:87.2,89.16 3 0
github.com/danilotadeu/pismo/api/account/account.go:101.2,101.46 1 0
github.com/danilotadeu/pismo/api/account/account.go:71.25,77.3 1 0
github.com/danilotadeu/pismo/api/account/account.go:80.16,85.3 2 0
github.com/danilotadeu/pismo/api/account/account.go:89.16,91.56 2 0
github.com/danilotadeu/pismo/api/account/account.go:96.3,98.5 1 0
github.com/danilotadeu/pismo/api/account/account.go:91.56,95.4 1 0
github.com/danilotadeu/pismo/api/account/account.go:104.51,107.16 3 0
github.com/danilotadeu/pismo/api/account/account.go:121.2,121.47 1 0
github.com/danilotadeu/pismo/api/account/account.go:107.16,110.59 2 0
github.com/danilotadeu/pismo/api/account/account.go:116.3,118.5 1 0
github.com/danilotadeu/pismo/api/account/account.go:110.59,114.4 1 0
github.com/danilotadeu/pismo/api/transaction/transaction.go:25.50,32.2 3 0
github.com/danilotadeu/pismo/api/transaction/transaction.go:34.57,36.54 2 0
github.com/danilotadeu/pismo/api/transaction/transaction.go:43.2,44.57 2 0
github.com/danilotadeu/pismo/api/transaction/transaction.go:50.2,53.16 3 0
github.com/danilotadeu/pismo/api/transaction/transaction.go:70.2,72.4 1 0
github.com/danilotadeu/pismo/api/transaction/transaction.go:36.54,41.3 2 0
github.com/danilotadeu/pismo/api/transaction/transaction.go:44.57,48.3 1 0
github.com/danilotadeu/pismo/api/transaction/transaction.go:53.16,55.56 2 0
github.com/danilotadeu/pismo/api/transaction/transaction.go:60.3,60.68 1 0
github.com/danilotadeu/pismo/api/transaction/transaction.go:65.3,67.5 1 0
github.com/danilotadeu/pismo/api/transaction/transaction.go:55.56,59.4 1 0
github.com/danilotadeu/pismo/api/transaction/transaction.go:60.68,64.4 1 0
github.com/danilotadeu/pismo/api/api.go:16.47,21.12 4 0
github.com/danilotadeu/pismo/api/api.go:28.2,33.19 4 0
github.com/danilotadeu/pismo/api/api.go:21.12,25.3 3 0
