mode: set
github.com/danilotadeu/pismo/app/account/account.go:23.41,27.2 1 0
github.com/danilotadeu/pismo/app/account/account.go:30.93,32.16 2 0
github.com/danilotadeu/pismo/app/account/account.go:37.2,37.21 1 0
github.com/danilotadeu/pismo/app/account/account.go:41.2,42.16 2 0
github.com/danilotadeu/pismo/app/account/account.go:46.2,46.16 1 0
github.com/danilotadeu/pismo/app/account/account.go:32.16,35.3 2 0
github.com/danilotadeu/pismo/app/account/account.go:37.21,39.3 1 0
github.com/danilotadeu/pismo/app/account/account.go:42.16,45.3 2 0
github.com/danilotadeu/pismo/app/account/account.go:50.110,52.16 2 0
github.com/danilotadeu/pismo/app/account/account.go:56.2,56.21 1 0
github.com/danilotadeu/pismo/app/account/account.go:52.16,55.3 2 0
github.com/danilotadeu/pismo/app/account/account.go:60.99,62.16 2 0
github.com/danilotadeu/pismo/app/account/account.go:67.2,67.24 1 0
github.com/danilotadeu/pismo/app/account/account.go:71.2,71.22 1 0
github.com/danilotadeu/pismo/app/account/account.go:62.16,65.3 2 0
github.com/danilotadeu/pismo/app/account/account.go:67.24,69.3 1 0
github.com/danilotadeu/pismo/app/app.go:18.50,25.2 3 0
github.com/danilotadeu/pismo/app/transaction/transaction.go:23.41,27.2 1 1
github.com/danilotadeu/pismo/app/transaction/transaction.go:30.122,32.8 2 1
github.com/danilotadeu/pismo/app/transaction/transaction.go:32.8,34.17 2 1
github.com/danilotadeu/pismo/app/transaction/transaction.go:41.3,43.9 3 1
github.com/danilotadeu/pismo/app/transaction/transaction.go:46.3,47.17 2 1
github.com/danilotadeu/pismo/app/transaction/transaction.go:52.3,52.28 1 1
github.com/danilotadeu/pismo/app/transaction/transaction.go:34.17,36.57 2 1
github.com/danilotadeu/pismo/app/transaction/transaction.go:39.4,39.19 1 1
github.com/danilotadeu/pismo/app/transaction/transaction.go:36.57,38.5 1 1
github.com/danilotadeu/pismo/app/transaction/transaction.go:43.9,45.4 1 1
github.com/danilotadeu/pismo/app/transaction/transaction.go:47.17,50.4 2 1
github.com/danilotadeu/pismo/app/transaction/transaction.go:53.8,55.3 1 1
github.com/danilotadeu/pismo/app/app.go:18.50,25.2 3 1
github.com/danilotadeu/pismo/app/account/account.go:23.41,27.2 1 1
github.com/danilotadeu/pismo/app/account/account.go:30.93,32.16 2 0
github.com/danilotadeu/pismo/app/account/account.go:37.2,37.21 1 0
github.com/danilotadeu/pismo/app/account/account.go:41.2,42.16 2 0
github.com/danilotadeu/pismo/app/account/account.go:46.2,46.16 1 0
github.com/danilotadeu/pismo/app/account/account.go:32.16,35.3 2 0
github.com/danilotadeu/pismo/app/account/account.go:37.21,39.3 1 0
github.com/danilotadeu/pismo/app/account/account.go:42.16,45.3 2 0
github.com/danilotadeu/pismo/app/account/account.go:50.110,52.16 2 0
github.com/danilotadeu/pismo/app/account/account.go:56.2,56.21 1 0
github.com/danilotadeu/pismo/app/account/account.go:52.16,55.3 2 0
github.com/danilotadeu/pismo/app/account/account.go:60.99,62.16 2 0
github.com/danilotadeu/pismo/app/account/account.go:67.2,67.24 1 0
github.com/danilotadeu/pismo/app/account/account.go:71.2,71.22 1 0
github.com/danilotadeu/pismo/app/account/account.go:62.16,65.3 2 0
github.com/danilotadeu/pismo/app/account/account.go:67.24,69.3 1 0
github.com/danilotadeu/pismo/app/transaction/transaction.go:23.41,27.2 1 1
github.com/danilotadeu/pismo/app/transaction/transaction.go:30.122,32.8 2 0
github.com/danilotadeu/pismo/app/transaction/transaction.go:32.8,34.17 2 0
github.com/danilotadeu/pismo/app/transaction/transaction.go:41.3,43.9 3 0
github.com/danilotadeu/pismo/app/transaction/transaction.go:46.3,47.17 2 0
github.com/danilotadeu/pismo/app/transaction/transaction.go:52.3,52.28 1 0
github.com/danilotadeu/pismo/app/transaction/transaction.go:34.17,36.57 2 0
github.com/danilotadeu/pismo/app/transaction/transaction.go:39.4,39.19 1 0
github.com/danilotadeu/pismo/app/transaction/transaction.go:36.57,38.5 1 0
github.com/danilotadeu/pismo/app/transaction/transaction.go:43.9,45.4 1 0
github.com/danilotadeu/pismo/app/transaction/transaction.go:47.17,50.4 2 0
github.com/danilotadeu/pismo/app/transaction/transaction.go:53.8,55.3 1 0
